<?xml version="1.0" encoding="UTF-8"?>
<!-- Generated by org.testng.reporters.JUnitReportReporter -->
<testsuite hostname="DESKTOP-PMHUQ0L" failures="0" tests="1" name="githubPractice.Practice" time="0.020" errors="0" timestamp="2023-03-28T16:29:52 IST" skipped="0">
  <testcase classname="githubPractice.Practice" name="sample" time="0.020"/>
  <system-out/>
</testsuite> <!-- githubPractice.Practice -->
